Tarih       Saat  Mesaj
02.05.2016  03:42 Ekleme: Hakem Serdar Ünal Eklendi.
02.05.2016  03:47 Silme: Hakem Veli ERSOY Silindi.
02.05.2016  03:55 Ekleme: Takım Beşiktaş Eklendi.
02.05.2016  04:17 Güncelleme: Karşıyaka sehir Güncellendi.
02.05.2016  04:23 Güncelleme: Karşıyaka sehir Güncellendi.
02.05.2016  04:25 Güncelleme: Hakem Burçak YILMAZ adi Güncellendi.
02.05.2016  04:25 Güncelleme: Hakem Burçak YILMAZ adi Güncellendi.
02.05.2016  04:27 Güncelleme: Anadolu Efes sehir Güncellendi.
02.05.2016  04:28 Güncelleme: Ankara S.S adi Güncellendi.
02.05.2016  04:29 Güncelleme: Ankara Spor Salonu adi Güncellendi.
02.05.2016  04:30 Güncelleme: Orduspor sehir Güncellendi.
02.05.2016  04:31 Güncelleme: Orduspor adi Güncellendi.
02.05.2016  04:53 Güncelleme: Anadolu Efes sehir Güncellendi.
03.05.2016  14:28 Ekleme: Salon Dumlupınar S.S. Eklendi.
04.05.2016  23:02 Ekleme: Salon Milli Piyango S.S. Eklendi.
20.05.2016  14:54 Ekleme: Hakem ali yıldırım Eklendi.
20.05.2016  14:54 Güncelleme: Hakem ali yıldırım adi Güncellendi.
22.05.2016  03:54 Güncelleme: Galatasaray salonlar Güncellendi.
22.05.2016  03:54 Güncelleme: Galatasaray diger Güncellendi.
22.05.2016  03:55 Güncelleme: Galatasaray sehir Güncellendi.
22.05.2016  03:55 Güncelleme: Galatasaray diger Güncellendi.
22.05.2016  03:55 Güncelleme: Galatasaray sehir Güncellendi.
22.05.2016  03:56 Güncelleme: Galatasaray lig Güncellendi.
22.05.2016  16:03 Güncelleme: Galatasaray DataGridViewComboBoxColumn Güncellendi.
22.05.2016  16:04 Güncelleme: Galatasaray DataGridViewComboBoxColumn Güncellendi.
22.05.2016  16:17 Güncelleme: Galatasaray digerDataGridViewTextBoxColumn Güncellendi.
22.05.2016  16:18 Güncelleme: Galatasaray digerDataGridViewTextBoxColumn Güncellendi.
22.05.2016  16:19 Güncelleme: Galatasaray sehirDataGridViewTextBoxColumn Güncellendi.
22.05.2016  16:20 Güncelleme: Galatasaray ligDataGridViewTextBoxColumn Güncellendi.
22.05.2016  16:20 Güncelleme: Galatasaray digerDataGridViewTextBoxColumn Güncellendi.
22.05.2016  16:27 Güncelleme: Galatasaray sehirDataGridViewTextBoxColumn Güncellendi.
22.05.2016  16:28 Güncelleme: Galatasaray sehirDataGridViewTextBoxColumn Güncellendi.
22.05.2016  16:33 Güncelleme: Galatasaray dgcombosalon Güncellendi.
22.05.2016  16:36 Güncelleme: Galatasaray dgcombosalon Güncellendi.
22.05.2016  16:37 Güncelleme: Galatasaray dgcombosalon Güncellendi.
22.05.2016  16:49 Güncelleme: Hakem Kemal YILMAZ dgcomboklas Güncellendi.
22.05.2016  16:51 Güncelleme: Hakem Kemal YILMAZ dgcomboklas Güncellendi.
22.05.2016  16:51 Güncelleme: Hakem Kemal YILMAZ dgcomboklas Güncellendi.
27.05.2016  03:50 Güncelleme: 8 salonIDDataGridViewComBoxColumn Güncellendi.
27.05.2016  03:55 Güncelleme: 1203 ID'li maçın Salon Adı Güncellendi.
27.05.2016  03:59 Silme: Hakem Engin Kennerman Silindi.
27.05.2016  16:02 Güncelleme: 2524 ID'li maçın Ev Sahibi Güncellendi.
27.05.2016  22:58 Silme: Hakem Faruk DOĞRU Silindi.
27.05.2016  23:00 Ekleme: Hakem Faruk DOĞRU Eklendi.
